<?xml version="1.0" encoding="UTF-8"?>
<!-- Generated by org.testng.reporters.JUnitReportReporter -->
<testsuite hostname="LAPTOP-09TBB8MA" failures="0" tests="1" name="test.HardcoreTest" time="53.949" errors="0" timestamp="2023-02-26T17:25:54 AMT" skipped="0">
  <testcase classname="test.HardcoreTest" name="compareEmailResultWithCalculator" time="53.949"/>
</testsuite> <!-- test.HardcoreTest -->
