<?xml version="1.0" encoding="UTF-8"?>
<!-- Generated by org.testng.reporters.JUnitReportReporter -->
<testsuite hostname="LAPTOP-09TBB8MA" failures="0" tests="1" name="test.HardcoreTest" time="57.062" errors="0" timestamp="2023-02-21T17:59:29 AMT" skipped="0">
  <testcase classname="test.HardcoreTest" name="compareEmailResultWithCalculator" time="57.062"/>
</testsuite> <!-- test.HardcoreTest -->
