<?xml version="1.0" encoding="UTF-8"?>
<!-- Generated by org.testng.reporters.JUnitReportReporter -->
<testsuite hostname="LAPTOP-09TBB8MA" failures="0" tests="1" name="test.HardcoreTest" time="56.968" errors="0" timestamp="2023-03-04T13:09:41 AMT" skipped="0">
  <testcase classname="test.HardcoreTest" name="compareEmailResultWithCalculator" time="56.968"/>
</testsuite> <!-- test.HardcoreTest -->
