<?xml version="1.0" encoding="UTF-8"?>
<!-- Generated by org.testng.reporters.JUnitReportReporter -->
<testsuite hostname="LAPTOP-09TBB8MA" failures="0" tests="1" name="test.HardcoreTest" time="41.392" errors="0" timestamp="2023-02-25T14:06:02 AMT" skipped="0">
  <testcase classname="test.HardcoreTest" name="compareEmailResultWithCalculator" time="41.392"/>
</testsuite> <!-- test.HardcoreTest -->
