<?xml version="1.0" encoding="UTF-8"?>
<!-- Generated by org.testng.reporters.JUnitReportReporter -->
<testsuite hostname="LAPTOP-09TBB8MA" failures="0" tests="1" name="test.HardcoreTest" time="43.394" errors="0" timestamp="2023-03-04T17:44:05 AMT" skipped="0">
  <testcase classname="test.HardcoreTest" name="compareEmailResultWithCalculator" time="43.394"/>
</testsuite> <!-- test.HardcoreTest -->
